<?xml version="1.0" encoding="UTF-8"?>
<!-- Generated by org.testng.reporters.JUnitXMLReporter -->
<testsuite ignored="0" hostname="SmartMacs-MacBook-Pro.local" failures="0" tests="2" name="Command line test" time="27.76" errors="0" timestamp="20 Sep 2018 03:05:44 GMT">
  <testcase classname="SampleCode.AndroidBasicInteractionTest" name="test" time="10.959"/>
  <testcase classname="SampleCode.AndroidBasicInteractionTest" name="testOpensAlert" time="7.831"/>
</testsuite> <!-- Command line test -->
