<?xml version="1.0" encoding="UTF-8"?>
<testng-results ignored="0" total="2" passed="2" failed="0" skipped="0">
  <reporter-output>
  </reporter-output>
  <suite started-at="2018-09-20T03:05:17Z" name="Command line suite" finished-at="2018-09-20T03:05:44Z" duration-ms="27760">
    <groups>
    </groups>
    <test started-at="2018-09-20T03:05:17Z" name="Command line test" finished-at="2018-09-20T03:05:44Z" duration-ms="27760">
      <class name="SampleCode.AndroidBasicInteractionTest">
        <test-method is-config="true" signature="globalSetup()[pri:0, instance:SampleCode.AndroidBasicInteractionTest@5e82df6a]" started-at="2018-09-20T03:05:13Z" name="globalSetup" finished-at="2018-09-20T03:05:17Z" duration-ms="4019" status="PASS">
          <reporter-output>
          </reporter-output>
        </test-method> <!-- globalSetup -->
        <test-method is-config="true" signature="setUp()[pri:0, instance:SampleCode.AndroidBasicInteractionTest@5e82df6a]" started-at="2018-09-20T03:05:17Z" name="setUp" finished-at="2018-09-20T03:05:24Z" duration-ms="6935" status="PASS">
          <reporter-output>
          </reporter-output>
        </test-method> <!-- setUp -->
        <test-method signature="test()[pri:0, instance:SampleCode.AndroidBasicInteractionTest@5e82df6a]" started-at="2018-09-20T03:05:24Z" name="test" finished-at="2018-09-20T03:05:35Z" duration-ms="10959" status="PASS">
          <reporter-output>
          </reporter-output>
        </test-method> <!-- test -->
        <test-method signature="testOpensAlert()[pri:0, instance:SampleCode.AndroidBasicInteractionTest@5e82df6a]" started-at="2018-09-20T03:05:35Z" name="testOpensAlert" finished-at="2018-09-20T03:05:42Z" duration-ms="7831" status="PASS">
          <reporter-output>
          </reporter-output>
        </test-method> <!-- testOpensAlert -->
        <test-method is-config="true" signature="tearDown()[pri:0, instance:SampleCode.AndroidBasicInteractionTest@5e82df6a]" started-at="2018-09-20T03:05:42Z" name="tearDown" finished-at="2018-09-20T03:05:44Z" duration-ms="1983" status="PASS">
          <reporter-output>
          </reporter-output>
        </test-method> <!-- tearDown -->
        <test-method is-config="true" signature="globalTearDown()[pri:0, instance:SampleCode.AndroidBasicInteractionTest@5e82df6a]" started-at="2018-09-20T03:05:44Z" name="globalTearDown" finished-at="2018-09-20T03:05:44Z" duration-ms="54" status="PASS">
          <reporter-output>
          </reporter-output>
        </test-method> <!-- globalTearDown -->
      </class> <!-- SampleCode.AndroidBasicInteractionTest -->
    </test> <!-- Command line test -->
  </suite> <!-- Command line suite -->
</testng-results>
